#
# There is insufficient memory for the Java Runtime Environment to continue.
# Native memory allocation (malloc) failed to allocate 1048576 bytes for AllocateHeap
# Possible reasons:
#   The system is out of physical RAM or swap space
#   In 32 bit mode, the process size limit was hit
# Possible solutions:
#   Reduce memory load on the system
#   Increase physical memory or swap space
#   Check if swap backing store is full
#   Use 64 bit Java on a 64 bit OS
#   Decrease Java heap size (-Xmx/-Xms)
#   Decrease number of Java threads
#   Decrease Java thread stack sizes (-Xss)
#   Set larger code cache with -XX:ReservedCodeCacheSize=
# This output file may be truncated or incomplete.
#
#  Out of Memory Error (memory/allocation.inline.hpp:61), pid=15920, tid=0x0000000000000eec
#
# JRE version:  (8.0_191-b12) (build )
# Java VM: Java HotSpot(TM) 64-Bit Server VM (25.191-b12 mixed mode windows-amd64 compressed oops)
# Failed to write core dump. Minidumps are not enabled by default on client versions of Windows
#

---------------  T H R E A D  ---------------

Current thread (0x0000000002d52800):  JavaThread "Unknown thread" [_thread_in_vm, id=3820, stack(0x0000000002c00000,0x0000000002d00000)]

Stack: [0x0000000002c00000,0x0000000002d00000]
[error occurred during error reporting (printing stack bounds), id 0xc0000005]

Native frames: (J=compiled Java code, j=interpreted, Vv=VM code, C=native code)


---------------  P R O C E S S  ---------------

Java Threads: ( => current thread )

Other Threads:

=>0x0000000002d52800 (exited) JavaThread "Unknown thread" [_thread_in_vm, id=3820, stack(0x0000000002c00000,0x0000000002d00000)]

VM state:not at safepoint (normal execution)

VM Mutex/Monitor currently owned by a thread: None

Heap:
 PSYoungGen      total 76288K, used 1310K [0x00000000d5580000, 0x00000000daa80000, 0x0000000100000000)
  eden space 65536K, 2% used [0x00000000d5580000,0x00000000d56c7af0,0x00000000d9580000)
  from space 10752K, 0% used [0x00000000da000000,0x00000000da000000,0x00000000daa80000)
  to   space 10752K, 0% used [0x00000000d9580000,0x00000000d9580000,0x00000000da000000)
 ParOldGen       total 175104K, used 0K [0x0000000080000000, 0x000000008ab00000, 0x00000000d5580000)
  object space 175104K, 0% used [0x0000000080000000,0x0000000080000000,0x000000008ab00000)
 Metaspace       used 775K, capacity 4480K, committed 4480K, reserved 1056768K
  class space    used 76K, capacity 384K, committed 384K, reserved 1048576K

Card table byte_map: [0x0000000012210000,0x0000000012620000] byte_map_base: 0x0000000011e10000

Marking Bits: (ParMarkBitMap*) 0x00000000655c3e30
 Begin Bits: [0x00000000130d0000, 0x00000000150d0000)
 End Bits:   [0x00000000150d0000, 0x00000000170d0000)

Polling page: 0x0000000000a50000

CodeCache: size=245760Kb used=328Kb max_used=328Kb free=245431Kb
 bounds [0x0000000002e50000, 0x00000000030c0000, 0x0000000011e50000]
 total_blobs=58 nmethods=0 adapters=38
 compilation: enabled

Compilation events (0 events):
No events

GC Heap History (0 events):
No events

Deoptimization events (0 events):
No events

Classes redefined (0 events):
No events

Internal exceptions (0 events):
No events

Events (10 events):
Event: 0.028 loading class java/lang/Short
Event: 0.028 loading class java/lang/Short done
Event: 0.028 loading class java/lang/Integer
Event: 0.029 loading class java/lang/Integer done
Event: 0.029 loading class java/lang/Long
Event: 0.029 loading class java/lang/Long done
Event: 0.029 loading class java/lang/NullPointerException
Event: 0.029 loading class java/lang/NullPointerException done
Event: 0.029 loading class java/lang/ArithmeticException
Event: 0.029 loading class java/lang/ArithmeticException done


Dynamic libraries:
0x00007ff6e1830000 - 0x00007ff6e1867000 	C:\Program Files\Java\jdk1.8.0_191\bin\java.exe
0x00007ff98edc0000 - 0x00007ff98efa1000 	C:\WINDOWS\SYSTEM32\ntdll.dll
0x00007ff98c460000 - 0x00007ff98c512000 	C:\WINDOWS\System32\KERNEL32.DLL
0x00007ff98b440000 - 0x00007ff98b6b3000 	C:\WINDOWS\System32\KERNELBASE.dll
0x00007ff98d6d0000 - 0x00007ff98d771000 	C:\WINDOWS\System32\ADVAPI32.dll
0x00007ff98c2b0000 - 0x00007ff98c34e000 	C:\WINDOWS\System32\msvcrt.dll
0x00007ff98ca30000 - 0x00007ff98ca8b000 	C:\WINDOWS\System32\sechost.dll
0x00007ff98c900000 - 0x00007ff98ca24000 	C:\WINDOWS\System32\RPCRT4.dll
0x00007ff98c520000 - 0x00007ff98c6b0000 	C:\WINDOWS\System32\USER32.dll
0x00007ff98b6c0000 - 0x00007ff98b6e0000 	C:\WINDOWS\System32\win32u.dll
0x00007ff98c360000 - 0x00007ff98c388000 	C:\WINDOWS\System32\GDI32.dll
0x00007ff98b730000 - 0x00007ff98b8c2000 	C:\WINDOWS\System32\gdi32full.dll
0x00007ff98b3a0000 - 0x00007ff98b43f000 	C:\WINDOWS\System32\msvcp_win.dll
0x00007ff98b2a0000 - 0x00007ff98b39a000 	C:\WINDOWS\System32\ucrtbase.dll
0x00007ff97b3e0000 - 0x00007ff97b649000 	C:\WINDOWS\WinSxS\amd64_microsoft.windows.common-controls_6595b64144ccf1df_6.0.17134.407_none_fb449d63306391e9\COMCTL32.dll
0x00007ff98d180000 - 0x00007ff98d4a2000 	C:\WINDOWS\System32\combase.dll
0x00007ff98bac0000 - 0x00007ff98bb3a000 	C:\WINDOWS\System32\bcryptPrimitives.dll
0x00007ff98ed00000 - 0x00007ff98ed2d000 	C:\WINDOWS\System32\IMM32.DLL
0x0000000065650000 - 0x0000000065722000 	C:\Program Files\Java\jdk1.8.0_191\jre\bin\msvcr100.dll
0x0000000064da0000 - 0x0000000065644000 	C:\Program Files\Java\jdk1.8.0_191\jre\bin\server\jvm.dll
0x00007ff98d170000 - 0x00007ff98d178000 	C:\WINDOWS\System32\PSAPI.DLL
0x00007ff984030000 - 0x00007ff984053000 	C:\WINDOWS\SYSTEM32\WINMM.dll
0x00007ff989ce0000 - 0x00007ff989ce9000 	C:\WINDOWS\SYSTEM32\WSOCK32.dll
0x00007ff986380000 - 0x00007ff98638a000 	C:\WINDOWS\SYSTEM32\VERSION.dll
0x00007ff98d100000 - 0x00007ff98d16c000 	C:\WINDOWS\System32\WS2_32.dll
0x00007ff984000000 - 0x00007ff98402a000 	C:\WINDOWS\SYSTEM32\WINMMBASE.dll
0x00007ff98b6e0000 - 0x00007ff98b729000 	C:\WINDOWS\System32\cfgmgr32.dll
0x0000000068030000 - 0x000000006803f000 	C:\Program Files\Java\jdk1.8.0_191\jre\bin\verify.dll
0x0000000064d70000 - 0x0000000064d99000 	C:\Program Files\Java\jdk1.8.0_191\jre\bin\java.dll
0x0000000064d50000 - 0x0000000064d66000 	C:\Program Files\Java\jdk1.8.0_191\jre\bin\zip.dll

VM Arguments:
jvm_args: -Xmx2048M -Dfile.encoding=UTF8 
java_command: D:\unity\install\Editor\Data\PlaybackEngines\AndroidPlayer/Tools\sdktools.jar -
java_class_path (initial): D:\unity\install\Editor\Data\PlaybackEngines\AndroidPlayer/Tools\sdktools.jar
Launcher Type: SUN_STANDARD

Environment Variables:
JAVA_HOME=C:\Program Files\Java\jdk1.8.0_191
PATH=C:\Program Files (x86)\Common Files\Oracle\Java\javapath;C:\ProgramData\Oracle\Java\javapath;C:\Program Files (x86)\Intel\iCLS Client\;C:\Program Files\Intel\iCLS Client\;C:\Windows\system32;C:\Windows;C:\Windows\System32\Wbem;C:\Windows\System32\WindowsPowerShell\v1.0\;C:\Program Files (x86)\Intel\Intel(R) Management Engine Components\DAL;C:\Program Files\Intel\Intel(R) Management Engine Components\DAL;C:\Program Files (x86)\Intel\Intel(R) Management Engine Components\IPT;C:\Program Files\Intel\Intel(R) Management Engine Components\IPT;C:\Program Files (x86)\NVIDIA Corporation\PhysX\Common;C:\Program Files\Intel\WiFi\bin\;C:\Program Files\Common Files\Intel\WirelessCommon\;C:\Program Files\Common Files\Autodesk Shared\;C:\WINDOWS\system32;C:\WINDOWS;C:\WINDOWS\System32\Wbem;C:\WINDOWS\System32\WindowsPowerShell\v1.0\;C:\Program Files\Microsoft SQL Server\130\Tools\Binn\;C:\WINDOWS\System32\OpenSSH\;C:\Program Files\PuTTY\;C:\Users\user\AppData\Local\Microsoft\WindowsApps
USERNAME=user
OS=Windows_NT
PROCESSOR_IDENTIFIER=Intel64 Family 6 Model 94 Stepping 3, GenuineIntel



---------------  S Y S T E M  ---------------

OS: Windows 10.0 , 64 bit Build 17134 (10.0.17134.1)

CPU:total 8 (initial active 8) (4 cores per cpu, 2 threads per core) family 6 model 94 stepping 3, cmov, cx8, fxsr, mmx, sse, sse2, sse3, ssse3, sse4.1, sse4.2, popcnt, avx, avx2, aes, clmul, erms, rtm, 3dnowpref, lzcnt, ht, tsc, tscinvbit, bmi1, bmi2, adx

Memory: 4k page, physical 16673736k(2840944k free), swap 25137736k(6128k free)

vm_info: Java HotSpot(TM) 64-Bit Server VM (25.191-b12) for windows-amd64 JRE (1.8.0_191-b12), built on Oct  6 2018 09:29:03 by "java_re" with MS VC++ 10.0 (VS2010)

time: Wed Dec 12 00:12:14 2018
elapsed time: 0 seconds (0d 0h 0m 0s)

